TN:
SF:server.js
FN:12,(anonymous_0)
FN:30,(anonymous_1)
FN:32,(anonymous_2)
FN:34,(anonymous_3)
FN:42,(anonymous_4)
FNF:5
FNH:1
FNDA:3,(anonymous_0)
FNDA:0,(anonymous_1)
FNDA:0,(anonymous_2)
FNDA:0,(anonymous_3)
FNDA:0,(anonymous_4)
DA:1,2
DA:2,2
DA:3,2
DA:4,2
DA:5,2
DA:7,2
DA:9,2
DA:10,2
DA:12,2
DA:13,3
DA:14,3
DA:17,2
DA:19,2
DA:21,2
DA:22,0
DA:23,0
DA:25,0
DA:31,0
DA:32,0
DA:35,0
DA:36,0
DA:40,2
DA:42,2
DA:43,0
DA:45,0
DA:47,0
LF:26
LH:16
BRDA:19,0,0,2
BRDA:19,0,1,0
BRDA:21,1,0,0
BRDA:21,1,1,2
BRDA:43,2,0,0
BRDA:43,2,1,0
BRDA:43,3,0,0
BRDA:43,3,1,0
BRF:8
BRH:2
end_of_record
TN:
SF:controllers/animeController.js
FN:4,(anonymous_0)
FN:15,(anonymous_1)
FN:32,(anonymous_2)
FN:43,(anonymous_3)
FN:54,(anonymous_4)
FNF:5
FNH:2
FNDA:3,(anonymous_0)
FNDA:2,(anonymous_1)
FNDA:0,(anonymous_2)
FNDA:0,(anonymous_3)
FNDA:0,(anonymous_4)
DA:1,3
DA:4,3
DA:5,3
DA:6,3
DA:7,3
DA:9,0
DA:10,0
DA:15,3
DA:16,2
DA:18,2
DA:19,2
DA:20,0
DA:22,2
DA:23,2
DA:24,2
DA:26,0
DA:27,0
DA:32,3
DA:33,0
DA:34,0
DA:35,0
DA:36,0
DA:38,0
DA:43,3
DA:44,0
DA:45,0
DA:46,0
DA:47,0
DA:49,0
DA:54,3
DA:55,0
DA:56,0
DA:57,0
DA:58,0
DA:59,0
DA:60,0
DA:62,0
LF:37
LH:15
BRDA:19,0,0,0
BRDA:19,0,1,2
BRDA:35,1,0,0
BRDA:35,1,1,0
BRDA:46,2,0,0
BRDA:46,2,1,0
BRDA:57,3,0,0
BRDA:57,3,1,0
BRF:8
BRH:1
end_of_record
TN:
SF:models/Anime.js
FNF:0
FNH:0
DA:1,3
DA:3,3
DA:12,3
LF:3
LH:3
BRF:0
BRH:0
end_of_record
TN:
SF:routes/animeRoutes.js
FNF:0
FNH:0
DA:1,2
DA:2,2
DA:3,2
DA:5,2
DA:6,2
DA:7,2
DA:8,2
DA:9,2
DA:11,2
LF:9
LH:9
BRF:0
BRH:0
end_of_record
